[2018-09-20 15:13:32,707] DEBUG preRegister called. Server=com.sun.jmx.mbeanserver.JmxMBeanServer@66d3c617, name=log4j:logger=kafka.controller (kafka.controller)
[2018-09-20 15:32:37,037] INFO [controller-event-thread]: Starting (kafka.controller.ControllerEventManager$ControllerEventThread)
[2018-09-20 15:32:37,115] INFO [Controller 1]: 1 successfully elected as the controller (kafka.controller.KafkaController)
[2018-09-20 15:32:37,115] INFO [Controller 1]: Broker 1 starting become controller state transition (kafka.controller.KafkaController)
[2018-09-20 15:32:37,161] INFO [Controller 1]: Controller 1 incremented epoch to 1 (kafka.controller.KafkaController)
[2018-09-20 15:32:37,161] DEBUG [Controller 1]: Registering IsrChangeNotificationListener (kafka.controller.KafkaController)
[2018-09-20 15:32:37,255] INFO [Controller 1]: Partitions being reassigned: Map() (kafka.controller.KafkaController)
[2018-09-20 15:32:37,255] INFO [Controller 1]: Partitions already reassigned: Set() (kafka.controller.KafkaController)
[2018-09-20 15:32:37,255] INFO [Controller 1]: Resuming reassignment of partitions: Map() (kafka.controller.KafkaController)
[2018-09-20 15:32:37,255] INFO [Controller 1]: Currently active brokers in the cluster: Set() (kafka.controller.KafkaController)
[2018-09-20 15:32:37,255] INFO [Controller 1]: Currently shutting brokers in the cluster: Set() (kafka.controller.KafkaController)
[2018-09-20 15:32:37,271] INFO [Controller 1]: Current list of topics in the cluster: Set() (kafka.controller.KafkaController)
[2018-09-20 15:32:37,271] INFO [Controller 1]: List of topics to be deleted:  (kafka.controller.KafkaController)
[2018-09-20 15:32:37,271] INFO [Controller 1]: List of topics ineligible for deletion:  (kafka.controller.KafkaController)
[2018-09-20 15:32:37,302] INFO [Replica state machine on controller 1]: Started replica state machine with initial state -> Map() (kafka.controller.ReplicaStateMachine)
[2018-09-20 15:32:37,317] INFO [Partition state machine on Controller 1]: Started partition state machine with initial state -> Map() (kafka.controller.PartitionStateMachine)
[2018-09-20 15:32:37,317] INFO [Controller 1]: Broker 1 is ready to serve as the new controller with epoch 1 (kafka.controller.KafkaController)
[2018-09-20 15:32:37,317] INFO [Controller 1]: Partitions undergoing preferred replica election:  (kafka.controller.KafkaController)
[2018-09-20 15:32:37,317] INFO [Controller 1]: Partitions that completed preferred replica election:  (kafka.controller.KafkaController)
[2018-09-20 15:32:37,317] INFO [Controller 1]: Skipping preferred replica election for partitions due to topic deletion:  (kafka.controller.KafkaController)
[2018-09-20 15:32:37,317] INFO [Controller 1]: Resuming preferred replica election for partitions:  (kafka.controller.KafkaController)
[2018-09-20 15:32:37,333] INFO [Controller 1]: Starting preferred replica leader election for partitions  (kafka.controller.KafkaController)
[2018-09-20 15:32:37,333] INFO [Partition state machine on Controller 1]: Invoking state change to OnlinePartition for partitions  (kafka.controller.PartitionStateMachine)
[2018-09-20 15:32:37,349] INFO [Controller 1]: starting the controller scheduler (kafka.controller.KafkaController)
[2018-09-20 15:32:37,473] INFO [Controller 1]: Newly added brokers: 1, deleted brokers: , all live brokers: 1 (kafka.controller.KafkaController)
[2018-09-20 15:32:37,473] DEBUG [Channel manager on controller 1]: Controller 1 trying to connect to broker 1 (kafka.controller.ControllerChannelManager)
[2018-09-20 15:32:37,489] INFO [Controller-1-to-broker-1-send-thread]: Starting (kafka.controller.RequestSendThread)
[2018-09-20 15:32:37,489] INFO [Controller 1]: New broker startup callback for 1 (kafka.controller.KafkaController)
[2018-09-20 15:32:37,505] INFO [Controller-1-to-broker-1-send-thread]: Controller 1 connected to tamajroy.in.ibm.com:9091 (id: 1 rack: null) for sending state change requests (kafka.controller.RequestSendThread)
[2018-09-20 15:32:42,366] TRACE [Controller 1]: Checking need to trigger auto leader balancing (kafka.controller.KafkaController)
[2018-09-20 15:32:42,366] DEBUG [Controller 1]: Preferred replicas by broker Map() (kafka.controller.KafkaController)
[2018-09-20 15:37:42,381] TRACE [Controller 1]: Checking need to trigger auto leader balancing (kafka.controller.KafkaController)
[2018-09-20 15:37:42,381] DEBUG [Controller 1]: Preferred replicas by broker Map() (kafka.controller.KafkaController)
[2018-09-20 15:42:42,396] TRACE [Controller 1]: Checking need to trigger auto leader balancing (kafka.controller.KafkaController)
[2018-09-20 15:42:42,396] DEBUG [Controller 1]: Preferred replicas by broker Map() (kafka.controller.KafkaController)
[2018-09-20 15:47:42,401] TRACE [Controller 1]: Checking need to trigger auto leader balancing (kafka.controller.KafkaController)
[2018-09-20 15:47:42,401] DEBUG [Controller 1]: Preferred replicas by broker Map() (kafka.controller.KafkaController)
[2018-09-20 15:52:42,403] TRACE [Controller 1]: Checking need to trigger auto leader balancing (kafka.controller.KafkaController)
[2018-09-20 15:52:42,403] DEBUG [Controller 1]: Preferred replicas by broker Map() (kafka.controller.KafkaController)
[2018-09-20 15:56:13,013] INFO [Controller 1]: New topics: [Set(testA)], deleted topics: [Set()], new partition replica assignment [Map([testA,0] -> List(1))] (kafka.controller.KafkaController)
[2018-09-20 15:56:13,013] INFO [Controller 1]: New topic creation callback for [testA,0] (kafka.controller.KafkaController)
[2018-09-20 15:56:13,029] INFO [Controller 1]: New partition creation callback for [testA,0] (kafka.controller.KafkaController)
[2018-09-20 15:56:13,029] INFO [Partition state machine on Controller 1]: Invoking state change to NewPartition for partitions [testA,0] (kafka.controller.PartitionStateMachine)
[2018-09-20 15:56:13,029] INFO [Replica state machine on controller 1]: Invoking state change to NewReplica for replicas [Topic=testA,Partition=0,Replica=1] (kafka.controller.ReplicaStateMachine)
[2018-09-20 15:56:13,029] INFO [Partition state machine on Controller 1]: Invoking state change to OnlinePartition for partitions [testA,0] (kafka.controller.PartitionStateMachine)
[2018-09-20 15:56:13,044] DEBUG [Partition state machine on Controller 1]: Live assigned replicas for partition [testA,0] are: [List(1)] (kafka.controller.PartitionStateMachine)
[2018-09-20 15:56:13,044] DEBUG [Partition state machine on Controller 1]: Initializing leader and isr for partition [testA,0] to (Leader:1,ISR:1,LeaderEpoch:0,ControllerEpoch:1) (kafka.controller.PartitionStateMachine)
[2018-09-20 15:56:13,091] INFO [Replica state machine on controller 1]: Invoking state change to OnlineReplica for replicas [Topic=testA,Partition=0,Replica=1] (kafka.controller.ReplicaStateMachine)
[2018-09-20 15:56:13,091] INFO [Controller-1-to-broker-1-send-thread]: Controller 1 connected to tamajroy.in.ibm.com:9091 (id: 1 rack: null) for sending state change requests (kafka.controller.RequestSendThread)
[2018-09-20 15:56:43,101] WARN [Controller-1-to-broker-1-send-thread]: Controller 1 epoch 1 fails to send request (type=LeaderAndIsRequest, controllerId=1, controllerEpoch=1, partitionStates={testA-0=PartitionState(controllerEpoch=1, leader=1, leaderEpoch=0, isr=1, zkVersion=0, replicas=1)}, liveLeaders=(tamajroy.in.ibm.com:9091 (id: 1 rack: null))) to broker tamajroy.in.ibm.com:9091 (id: 1 rack: null). Reconnecting to broker. (kafka.controller.RequestSendThread)
java.io.IOException: Connection to 1 was disconnected before the response was read
	at org.apache.kafka.clients.NetworkClientUtils.sendAndReceive(NetworkClientUtils.java:93)
	at kafka.controller.RequestSendThread.doWork(ControllerChannelManager.scala:225)
	at kafka.utils.ShutdownableThread.run(ShutdownableThread.scala:64)
[2018-09-20 15:56:43,210] INFO [Controller-1-to-broker-1-send-thread]: Controller 1 connected to tamajroy.in.ibm.com:9091 (id: 1 rack: null) for sending state change requests (kafka.controller.RequestSendThread)
[2018-09-20 15:57:13,211] WARN [Controller-1-to-broker-1-send-thread]: Controller 1 epoch 1 fails to send request (type=LeaderAndIsRequest, controllerId=1, controllerEpoch=1, partitionStates={testA-0=PartitionState(controllerEpoch=1, leader=1, leaderEpoch=0, isr=1, zkVersion=0, replicas=1)}, liveLeaders=(tamajroy.in.ibm.com:9091 (id: 1 rack: null))) to broker tamajroy.in.ibm.com:9091 (id: 1 rack: null). Reconnecting to broker. (kafka.controller.RequestSendThread)
java.io.IOException: Connection to 1 was disconnected before the response was read
	at org.apache.kafka.clients.NetworkClientUtils.sendAndReceive(NetworkClientUtils.java:93)
	at kafka.controller.RequestSendThread.doWork(ControllerChannelManager.scala:225)
	at kafka.utils.ShutdownableThread.run(ShutdownableThread.scala:64)
[2018-09-20 15:57:13,320] INFO [Controller-1-to-broker-1-send-thread]: Controller 1 connected to tamajroy.in.ibm.com:9091 (id: 1 rack: null) for sending state change requests (kafka.controller.RequestSendThread)
[2018-09-20 15:57:42,418] TRACE [Controller 1]: Checking need to trigger auto leader balancing (kafka.controller.KafkaController)
[2018-09-20 15:57:42,418] DEBUG [Controller 1]: Preferred replicas by broker Map(1 -> Map([testA,0] -> List(1))) (kafka.controller.KafkaController)
[2018-09-20 15:57:42,418] DEBUG [Controller 1]: Topics not in preferred replica Map() (kafka.controller.KafkaController)
[2018-09-20 15:57:42,418] TRACE [Controller 1]: Leader imbalance ratio for broker 1 is 0.0 (kafka.controller.KafkaController)
[2018-09-20 15:57:43,325] WARN [Controller-1-to-broker-1-send-thread]: Controller 1 epoch 1 fails to send request (type=LeaderAndIsRequest, controllerId=1, controllerEpoch=1, partitionStates={testA-0=PartitionState(controllerEpoch=1, leader=1, leaderEpoch=0, isr=1, zkVersion=0, replicas=1)}, liveLeaders=(tamajroy.in.ibm.com:9091 (id: 1 rack: null))) to broker tamajroy.in.ibm.com:9091 (id: 1 rack: null). Reconnecting to broker. (kafka.controller.RequestSendThread)
java.io.IOException: Connection to 1 was disconnected before the response was read
	at org.apache.kafka.clients.NetworkClientUtils.sendAndReceive(NetworkClientUtils.java:93)
	at kafka.controller.RequestSendThread.doWork(ControllerChannelManager.scala:225)
	at kafka.utils.ShutdownableThread.run(ShutdownableThread.scala:64)
[2018-09-20 15:57:43,434] INFO [Controller-1-to-broker-1-send-thread]: Controller 1 connected to tamajroy.in.ibm.com:9091 (id: 1 rack: null) for sending state change requests (kafka.controller.RequestSendThread)
[2018-09-20 15:58:13,444] WARN [Controller-1-to-broker-1-send-thread]: Controller 1 epoch 1 fails to send request (type=LeaderAndIsRequest, controllerId=1, controllerEpoch=1, partitionStates={testA-0=PartitionState(controllerEpoch=1, leader=1, leaderEpoch=0, isr=1, zkVersion=0, replicas=1)}, liveLeaders=(tamajroy.in.ibm.com:9091 (id: 1 rack: null))) to broker tamajroy.in.ibm.com:9091 (id: 1 rack: null). Reconnecting to broker. (kafka.controller.RequestSendThread)
java.io.IOException: Connection to 1 was disconnected before the response was read
	at org.apache.kafka.clients.NetworkClientUtils.sendAndReceive(NetworkClientUtils.java:93)
	at kafka.controller.RequestSendThread.doWork(ControllerChannelManager.scala:225)
	at kafka.utils.ShutdownableThread.run(ShutdownableThread.scala:64)
[2018-09-20 15:58:13,553] INFO [Controller-1-to-broker-1-send-thread]: Controller 1 connected to tamajroy.in.ibm.com:9091 (id: 1 rack: null) for sending state change requests (kafka.controller.RequestSendThread)
[2018-09-20 15:58:43,559] WARN [Controller-1-to-broker-1-send-thread]: Controller 1 epoch 1 fails to send request (type=LeaderAndIsRequest, controllerId=1, controllerEpoch=1, partitionStates={testA-0=PartitionState(controllerEpoch=1, leader=1, leaderEpoch=0, isr=1, zkVersion=0, replicas=1)}, liveLeaders=(tamajroy.in.ibm.com:9091 (id: 1 rack: null))) to broker tamajroy.in.ibm.com:9091 (id: 1 rack: null). Reconnecting to broker. (kafka.controller.RequestSendThread)
java.io.IOException: Connection to 1 was disconnected before the response was read
	at org.apache.kafka.clients.NetworkClientUtils.sendAndReceive(NetworkClientUtils.java:93)
	at kafka.controller.RequestSendThread.doWork(ControllerChannelManager.scala:225)
	at kafka.utils.ShutdownableThread.run(ShutdownableThread.scala:64)
[2018-09-20 15:58:43,669] INFO [Controller-1-to-broker-1-send-thread]: Controller 1 connected to tamajroy.in.ibm.com:9091 (id: 1 rack: null) for sending state change requests (kafka.controller.RequestSendThread)
[2018-09-20 15:59:43,671] WARN [Controller-1-to-broker-1-send-thread]: Controller 1 epoch 1 fails to send request (type=LeaderAndIsRequest, controllerId=1, controllerEpoch=1, partitionStates={testA-0=PartitionState(controllerEpoch=1, leader=1, leaderEpoch=0, isr=1, zkVersion=0, replicas=1)}, liveLeaders=(tamajroy.in.ibm.com:9091 (id: 1 rack: null))) to broker tamajroy.in.ibm.com:9091 (id: 1 rack: null). Reconnecting to broker. (kafka.controller.RequestSendThread)
java.io.IOException: Connection to 1 was disconnected before the response was read
	at org.apache.kafka.clients.NetworkClientUtils.sendAndReceive(NetworkClientUtils.java:93)
	at kafka.controller.RequestSendThread.doWork(ControllerChannelManager.scala:225)
	at kafka.utils.ShutdownableThread.run(ShutdownableThread.scala:64)
[2018-09-20 15:59:43,936] INFO [Controller-1-to-broker-1-send-thread]: Controller 1 connected to tamajroy.in.ibm.com:9091 (id: 1 rack: null) for sending state change requests (kafka.controller.RequestSendThread)
